0 info it worked if it ends with ok
1 verbose cli [ '/usr/local/bin/node',
1 verbose cli   '/usr/local/bin/npm',
1 verbose cli   'install',
1 verbose cli   'fs-extra',
1 verbose cli   '--save' ]
2 info using npm@1.3.14
3 info using node@v0.10.22
4 warn package.json krakentest@0.0.1 No repository field.
5 warn package.json easy-captcha@0.1.5 No repository field.
6 verbose readDependencies using package.json deps
7 verbose cache add [ 'fs-extra', null ]
8 verbose cache add name=undefined spec="fs-extra" args=["fs-extra",null]
9 verbose parsed url { protocol: null,
9 verbose parsed url   slashes: null,
9 verbose parsed url   auth: null,
9 verbose parsed url   host: null,
9 verbose parsed url   port: null,
9 verbose parsed url   hostname: null,
9 verbose parsed url   hash: null,
9 verbose parsed url   search: null,
9 verbose parsed url   query: null,
9 verbose parsed url   pathname: 'fs-extra',
9 verbose parsed url   path: 'fs-extra',
9 verbose parsed url   href: 'fs-extra' }
10 silly lockFile 448cb215-fs-extra fs-extra
11 verbose lock fs-extra /home/sojuz/.npm/448cb215-fs-extra.lock
12 silly lockFile 448cb215-fs-extra fs-extra
13 silly lockFile 448cb215-fs-extra fs-extra
14 verbose addNamed [ 'fs-extra', '' ]
15 verbose addNamed [ null, '*' ]
16 silly lockFile db291b81-fs-extra fs-extra@
17 verbose lock fs-extra@ /home/sojuz/.npm/db291b81-fs-extra.lock
18 silly addNameRange { name: 'fs-extra', range: '*', hasData: false }
19 verbose url raw fs-extra
20 verbose url resolving [ 'https://registry.npmjs.org/', './fs-extra' ]
21 verbose url resolved https://registry.npmjs.org/fs-extra
22 info trying registry request attempt 1 at 18:28:26
23 http GET https://registry.npmjs.org/fs-extra
24 http 200 https://registry.npmjs.org/fs-extra
25 silly registry.get cb [ 200,
25 silly registry.get   { date: 'Thu, 09 Jan 2014 17:28:27 GMT',
25 silly registry.get     server: 'CouchDB/1.5.0 (Erlang OTP/R15B03)',
25 silly registry.get     etag: '"BD4N75QYIPX24RBXZR0JSMDXU"',
25 silly registry.get     'content-type': 'application/json',
25 silly registry.get     'content-length': '171934',
25 silly registry.get     'accept-ranges': 'bytes',
25 silly registry.get     via: '1.1 varnish',
25 silly registry.get     age: '42475',
25 silly registry.get     'x-served-by': 'cache-fra1229-FRA',
25 silly registry.get     'x-cache': 'HIT',
25 silly registry.get     'x-cache-hits': '1',
25 silly registry.get     'x-timer': 'S1389288506.343000650,VS0,VE658',
25 silly registry.get     vary: 'Accept',
25 silly registry.get     'keep-alive': 'timeout=10, max=50',
25 silly registry.get     connection: 'Keep-Alive' } ]
26 silly addNameRange number 2 { name: 'fs-extra', range: '*', hasData: true }
27 silly addNameRange versions [ 'fs-extra',
27 silly addNameRange   [ '0.0.1',
27 silly addNameRange     '0.0.11',
27 silly addNameRange     '0.0.3',
27 silly addNameRange     '0.0.4',
27 silly addNameRange     '0.1.0',
27 silly addNameRange     '0.1.1',
27 silly addNameRange     '0.1.2',
27 silly addNameRange     '0.1.3',
27 silly addNameRange     '0.2.0',
27 silly addNameRange     '0.2.1',
27 silly addNameRange     '0.3.0',
27 silly addNameRange     '0.3.1',
27 silly addNameRange     '0.3.2',
27 silly addNameRange     '0.4.0',
27 silly addNameRange     '0.5.0',
27 silly addNameRange     '0.6.0',
27 silly addNameRange     '0.6.1',
27 silly addNameRange     '0.6.2',
27 silly addNameRange     '0.6.3',
27 silly addNameRange     '0.6.4',
27 silly addNameRange     '0.7.0',
27 silly addNameRange     '0.7.1',
27 silly addNameRange     '0.8.0',
27 silly addNameRange     '0.8.1' ] ]
28 verbose addNamed [ 'fs-extra', '0.8.1' ]
29 verbose addNamed [ '0.8.1', '0.8.1' ]
30 silly lockFile a33ddd61-fs-extra-0-8-1 fs-extra@0.8.1
31 verbose lock fs-extra@0.8.1 /home/sojuz/.npm/a33ddd61-fs-extra-0-8-1.lock
32 silly lockFile 1c2abe16--org-fs-extra-fs-extra-0-8-1-tgz https://registry.npmjs.org/fs-extra/-/fs-extra-0.8.1.tgz
33 verbose lock https://registry.npmjs.org/fs-extra/-/fs-extra-0.8.1.tgz /home/sojuz/.npm/1c2abe16--org-fs-extra-fs-extra-0-8-1-tgz.lock
34 verbose addRemoteTarball [ 'https://registry.npmjs.org/fs-extra/-/fs-extra-0.8.1.tgz',
34 verbose addRemoteTarball   '0e5779ffbfedf511bc755595c7f03c06d4b43e8d' ]
35 info retry fetch attempt 1 at 18:28:27
36 verbose fetch to= /home/sojuz/tmp/npm-18678-cIogkVa2/1389288507678-0.31279650586657226/tmp.tgz
37 http GET https://registry.npmjs.org/fs-extra/-/fs-extra-0.8.1.tgz
38 http 200 https://registry.npmjs.org/fs-extra/-/fs-extra-0.8.1.tgz
39 verbose tar unpack /home/sojuz/tmp/npm-18678-cIogkVa2/1389288507678-0.31279650586657226/tmp.tgz
40 silly lockFile 6b541a0a-7678-0-31279650586657226-package tar:///home/sojuz/tmp/npm-18678-cIogkVa2/1389288507678-0.31279650586657226/package
41 verbose lock tar:///home/sojuz/tmp/npm-18678-cIogkVa2/1389288507678-0.31279650586657226/package /home/sojuz/.npm/6b541a0a-7678-0-31279650586657226-package.lock
42 silly lockFile a5b4ad13-7678-0-31279650586657226-tmp-tgz tar:///home/sojuz/tmp/npm-18678-cIogkVa2/1389288507678-0.31279650586657226/tmp.tgz
43 verbose lock tar:///home/sojuz/tmp/npm-18678-cIogkVa2/1389288507678-0.31279650586657226/tmp.tgz /home/sojuz/.npm/a5b4ad13-7678-0-31279650586657226-tmp-tgz.lock
44 silly gunzTarPerm modes [ '755', '644' ]
45 silly gunzTarPerm extractEntry package.json
46 silly gunzTarPerm extractEntry .npmignore
47 silly gunzTarPerm extractEntry README.md
48 silly gunzTarPerm extractEntry LICENSE
49 silly gunzTarPerm extractEntry CHANGELOG.md
50 silly gunzTarPerm extractEntry lib/copy.js
51 silly gunzTarPerm extractEntry lib/create.js
52 silly gunzTarPerm extractEntry lib/index.js
53 silly gunzTarPerm extractEntry lib/json.js
54 silly gunzTarPerm extractEntry lib/mkdir.js
55 silly gunzTarPerm extractEntry lib/output.js
56 silly gunzTarPerm extractEntry lib/remove.js
57 silly lockFile 6b541a0a-7678-0-31279650586657226-package tar:///home/sojuz/tmp/npm-18678-cIogkVa2/1389288507678-0.31279650586657226/package
58 silly lockFile 6b541a0a-7678-0-31279650586657226-package tar:///home/sojuz/tmp/npm-18678-cIogkVa2/1389288507678-0.31279650586657226/package
59 silly lockFile a5b4ad13-7678-0-31279650586657226-tmp-tgz tar:///home/sojuz/tmp/npm-18678-cIogkVa2/1389288507678-0.31279650586657226/tmp.tgz
60 silly lockFile a5b4ad13-7678-0-31279650586657226-tmp-tgz tar:///home/sojuz/tmp/npm-18678-cIogkVa2/1389288507678-0.31279650586657226/tmp.tgz
61 verbose tar pack [ '/home/sojuz/.npm/fs-extra/0.8.1/package.tgz',
61 verbose tar pack   '/home/sojuz/tmp/npm-18678-cIogkVa2/1389288507678-0.31279650586657226/package' ]
62 verbose tarball /home/sojuz/.npm/fs-extra/0.8.1/package.tgz
63 verbose folder /home/sojuz/tmp/npm-18678-cIogkVa2/1389288507678-0.31279650586657226/package
64 silly lockFile 6b541a0a-7678-0-31279650586657226-package tar:///home/sojuz/tmp/npm-18678-cIogkVa2/1389288507678-0.31279650586657226/package
65 verbose lock tar:///home/sojuz/tmp/npm-18678-cIogkVa2/1389288507678-0.31279650586657226/package /home/sojuz/.npm/6b541a0a-7678-0-31279650586657226-package.lock
66 silly lockFile 8d42570a-z-npm-fs-extra-0-8-1-package-tgz tar:///home/sojuz/.npm/fs-extra/0.8.1/package.tgz
67 verbose lock tar:///home/sojuz/.npm/fs-extra/0.8.1/package.tgz /home/sojuz/.npm/8d42570a-z-npm-fs-extra-0-8-1-package-tgz.lock
68 silly lockFile 6b541a0a-7678-0-31279650586657226-package tar:///home/sojuz/tmp/npm-18678-cIogkVa2/1389288507678-0.31279650586657226/package
69 silly lockFile 6b541a0a-7678-0-31279650586657226-package tar:///home/sojuz/tmp/npm-18678-cIogkVa2/1389288507678-0.31279650586657226/package
70 silly lockFile 8d42570a-z-npm-fs-extra-0-8-1-package-tgz tar:///home/sojuz/.npm/fs-extra/0.8.1/package.tgz
71 silly lockFile 8d42570a-z-npm-fs-extra-0-8-1-package-tgz tar:///home/sojuz/.npm/fs-extra/0.8.1/package.tgz
72 silly lockFile fd709aa5-sojuz-npm-fs-extra-0-8-1-package /home/sojuz/.npm/fs-extra/0.8.1/package
73 verbose lock /home/sojuz/.npm/fs-extra/0.8.1/package /home/sojuz/.npm/fd709aa5-sojuz-npm-fs-extra-0-8-1-package.lock
74 silly lockFile fd709aa5-sojuz-npm-fs-extra-0-8-1-package /home/sojuz/.npm/fs-extra/0.8.1/package
75 silly lockFile fd709aa5-sojuz-npm-fs-extra-0-8-1-package /home/sojuz/.npm/fs-extra/0.8.1/package
76 verbose tar unpack /home/sojuz/.npm/fs-extra/0.8.1/package.tgz
77 silly lockFile e8d9f635-sojuz-npm-fs-extra-0-8-1-package tar:///home/sojuz/.npm/fs-extra/0.8.1/package
78 verbose lock tar:///home/sojuz/.npm/fs-extra/0.8.1/package /home/sojuz/.npm/e8d9f635-sojuz-npm-fs-extra-0-8-1-package.lock
79 silly lockFile 8d42570a-z-npm-fs-extra-0-8-1-package-tgz tar:///home/sojuz/.npm/fs-extra/0.8.1/package.tgz
80 verbose lock tar:///home/sojuz/.npm/fs-extra/0.8.1/package.tgz /home/sojuz/.npm/8d42570a-z-npm-fs-extra-0-8-1-package-tgz.lock
81 silly gunzTarPerm modes [ '755', '644' ]
82 silly gunzTarPerm extractEntry package.json
83 silly gunzTarPerm extractEntry .npmignore
84 silly gunzTarPerm extractEntry README.md
85 silly gunzTarPerm extractEntry LICENSE
86 silly gunzTarPerm extractEntry CHANGELOG.md
87 silly gunzTarPerm extractEntry lib/copy.js
88 silly gunzTarPerm extractEntry lib/create.js
89 silly gunzTarPerm extractEntry lib/index.js
90 silly gunzTarPerm extractEntry lib/json.js
91 silly gunzTarPerm extractEntry lib/mkdir.js
92 silly gunzTarPerm extractEntry lib/output.js
93 silly gunzTarPerm extractEntry lib/remove.js
94 silly lockFile e8d9f635-sojuz-npm-fs-extra-0-8-1-package tar:///home/sojuz/.npm/fs-extra/0.8.1/package
95 silly lockFile e8d9f635-sojuz-npm-fs-extra-0-8-1-package tar:///home/sojuz/.npm/fs-extra/0.8.1/package
96 silly lockFile 8d42570a-z-npm-fs-extra-0-8-1-package-tgz tar:///home/sojuz/.npm/fs-extra/0.8.1/package.tgz
97 silly lockFile 8d42570a-z-npm-fs-extra-0-8-1-package-tgz tar:///home/sojuz/.npm/fs-extra/0.8.1/package.tgz
98 verbose chmod /home/sojuz/.npm/fs-extra/0.8.1/package.tgz 644
99 verbose chown /home/sojuz/.npm/fs-extra/0.8.1/package.tgz [ 1000, 1000 ]
100 silly lockFile 1c2abe16--org-fs-extra-fs-extra-0-8-1-tgz https://registry.npmjs.org/fs-extra/-/fs-extra-0.8.1.tgz
101 silly lockFile 1c2abe16--org-fs-extra-fs-extra-0-8-1-tgz https://registry.npmjs.org/fs-extra/-/fs-extra-0.8.1.tgz
102 silly lockFile a33ddd61-fs-extra-0-8-1 fs-extra@0.8.1
103 silly lockFile a33ddd61-fs-extra-0-8-1 fs-extra@0.8.1
104 silly lockFile db291b81-fs-extra fs-extra@
105 silly lockFile db291b81-fs-extra fs-extra@
106 silly resolved [ { name: 'fs-extra',
106 silly resolved     version: '0.8.1',
106 silly resolved     description: 'fs-extra contains methods that aren\'t included in the vanilla Node.js fs package. Such as mkdir -p, cp -r, and rm -rf.',
106 silly resolved     homepage: 'https://github.com/jprichardson/node-fs-extra',
106 silly resolved     repository:
106 silly resolved      { type: 'git',
106 silly resolved        url: 'https://github.com/jprichardson/node-fs-extra' },
106 silly resolved     keywords:
106 silly resolved      [ 'fs',
106 silly resolved        'file',
106 silly resolved        'file system',
106 silly resolved        'copy',
106 silly resolved        'directory',
106 silly resolved        'extra',
106 silly resolved        'mkdirp',
106 silly resolved        'mkdir',
106 silly resolved        'mkdirs',
106 silly resolved        'recursive',
106 silly resolved        'json',
106 silly resolved        'read',
106 silly resolved        'write',
106 silly resolved        'extra',
106 silly resolved        'delete',
106 silly resolved        'remove',
106 silly resolved        'touch',
106 silly resolved        'create',
106 silly resolved        'text',
106 silly resolved        'output' ],
106 silly resolved     author: { name: 'JP Richardson', email: 'jprichardson@gmail.com' },
106 silly resolved     licenses: [ [Object] ],
106 silly resolved     dependencies:
106 silly resolved      { ncp: '~0.4.2',
106 silly resolved        mkdirp: '0.3.x',
106 silly resolved        jsonfile: '~1.1.0',
106 silly resolved        rimraf: '~2.2.0' },
106 silly resolved     devDependencies: { mocha: '*', 'path-extra': '0.0.x', testutil: '~0.5.0' },
106 silly resolved     main: './lib/index',
106 silly resolved     scripts: { test: 'mocha test' },
106 silly resolved     readme: '\nNode.js: fs-extra\n=================\n\n[![build status](https://secure.travis-ci.org/jprichardson/node-fs-extra.png)](http://travis-ci.org/jprichardson/node-fs-extra)\n\nThis module adds a few extra file system methods that aren\'t included in the native `fs` module. It is a drop in replacement for `fs`.\n\n\n\nWhy?\n----\n\nI got tired of including `mkdirp`, `rimraf`, and `cp -r` in most of my projects. \n\n\n\n\nInstallation\n------------\n\n    npm install --save fs-extra\n\n\n\nUsage\n-----\n\n`fs-extra` is a drop in replacement for native `fs`. All methods in `fs` are unmodified and attached to `fs-extra`.\n\nYou don\'t ever need to include the original `fs` module again:\n\n```javascript\nvar fs = require(\'fs\') //this is no longer necessary\n```\n\nyou can now do this:\n\n```javascript\nvar fs = require(\'fs-extra\'); //var fs = require(\'fs\')\n```\n\nor if you prefer to make it clear that you\'re using `fs-extra` and not `fs`, you may want \nto do this:\n\n```javascript\n//var fs = require(\'fs\')\nvar fse = require(\'fs-extra\')\n```\n\nyou can also keep, both, but it\'s redundant:\n\n```javascript\nvar fs = require(\'fs\')\n  , fse = require(\'fs-extra\')\n```\n\n\n\nMethods\n-------\n\n**NOTE:** You can still use the native Node.js methods. They are copied over to `fs-extra`.\n\n\n### copy(src, dest, [filter], callback)\n\nCopy a file or directory. The directory can have contents. Like `cp -r`. There isn\'t a synchronous version implemented yet.\n\nSync: `copySync()`\n\n\nExamples:\n\n```javascript\nvar fs = require(\'fs-extra\');\n\nfs.copy(\'/tmp/myfile\', \'/tmp/mynewfile\', function(err){\n  if (err) return console.error(err);\n\n  console.log("success!")\n}); //copies file\n\nfs.copy(\'/tmp/mydir\', \'/tmp/mynewdir\', function(err){\n  if (err) return console.error(err);\n  \n  console.log("success!")\n}); //copies directory, even if it has subdirectories or files\n```\n\n\n### createFile(file, callback) \n\nCreates a file. If the file that is requested to be created is in directories that do not exist, these directories are created. If the file already exists, it is **NOT MODIFIED**.\n\nSync: `createFileSync()`\n\n\nExample:\n\n```javascript\nvar fs = require(\'fs-extra\')\n\nvar file = \'/tmp/this/path/does/not/exist/file.txt\'\n\nfs.createFile(file, function(err) {\n  console.log(err); //null\n  //file has now been created, including the directory it is to be placed in\n})\n```\n\n\n\n### mkdirs(dir, callback) \n\nCreates a directory. If the parent hierarchy doesn\'t exist, it\'s created. Like `mkdir -p`.\n\nAlias: `mkdirp()`\n\nSync: `mkdirsSync()` / `mkdirpSync()`\n\n\nExamples:\n\n```javascript\nvar fs = require(\'fs-extra\');\n\nfs.mkdirs(\'/tmp/some/long/path/that/prob/doesnt/exist\', function(err){\n  if (err) return console.error(err);\n  \n  console.log("success!")\n});\n\nfs.mkdirsSync(\'/tmp/another/path\');\n```\n\n\n### outputFile(file, data, callback)\n\nAlmost the same as `writeFile`, except that if the directory does not exist, it\'s created.\n\nSync: `outputFileSync()`\n\n\nExample:\n\n```javascript\nvar fs = require(\'fs-extra\')\nvar file = \'/tmp/this/path/does/not/exist/file.txt\'\n\nfs.outputFile(file, \'hello!\', function(err) {\n  console.log(err); //null\n\n  fs.readFile(file, \'utf8\', function(err, data) {\n    console.log(data); //hello!\n  })\n})\n```\n\n\n\n### outputJson(file, data, callback)\n\nAlmost the same as `writeJson`, except that if the directory does not exist, it\'s created.\n\nAlias: `outputJSON()\n\nSync: `outputJsonSync()`, `outputJSONSync()`\n\n\nExample:\n\n```javascript\nvar fs = require(\'fs-extra\')\nvar file = \'/tmp/this/path/does/not/exist/file.txt\'\n\nfs.outputJson(file, {name: \'JP\'}, function(err) {\n  console.log(err); //null\n\n  fs.readJson(file, function(err, data) {\n    console.log(data.name); //\'JP\n  })\n})\n```\n\n\n\n### readJson(file, [options], callback) \n\nReads a JSON file and then parses it into an object. `options` are the same that you\'d pass to `fs.readFile`.\n\nAlias: `readJSON()`\n\nSync: `readJsonSync()`, `readJSONSync()`\n\n\nExample:\n\n```javascript\nvar fs = require(\'fs-extra\');\n\nfs.readJson(\'./package.json\', function(err, packageObj) {\n  console.log(packageObj.version); //0.1.3\n});\n```\n\n\n### remove(dir, callback)\n\nRemoves a file or directory. The directory can have contents. Like `rm -rf`.\n\nAlias: `delete()`\n\nSync: `removeSync()` / `deleteSync()`\n\n\nExamples:\n\n```javascript\nvar fs = require(\'fs-extra\');\n\nfs.remove(\'/tmp/myfile\', function(err){\n  if (err) return console.error(err);\n  \n  console.log("success!")\n});\n\nfs.removeSync(\'/home/jprichardson\'); //I just deleted my entire HOME directory. \n```\n\n\n\n### writeJson(file, object, [options], callback) \n\nWrites an object to a JSON file. `options` are the same that you\'d pass to `fs.readFile`.\n\nAlias: `writeJSON()`\n\nSync: `writeJsonSync()`, `writeJSONSync()`\n\nExample:\n\n```javascript\nvar fs = require(\'fs-extra\');\nfs.writeJson(\'./package.json\', {name: \'fs-extra\'}, function(err){\n  console.log(err);\n});\n```\n\n\n\nRoadmap to 1.0.0\n-----------------\n\nThis contains items that I\'m considering doing. I\'d love community feedback.\n\n* File system walker. I really like this one: https://github.com/daaku/nodejs-walker ... this might be adding too much. Thoughts?\n* File/directory tree watcher. There are quite a few. ... this also might be adding too much. I like this one: https://github.com/paulmillr/chokidar but I don\'t like that it\'s written in CoffeeScript. Thoughts?\n* Method to move files.\n* Thinking about moving `rimraf`, `ncp`, and `mkdirps` code into this library. I\'d like fs-extra to be a stable library that module authors\ncan depend upon. A bunch of other dependencies kinda sucks for modules/libraries. (I\'m leaning against this now.)\n* Change documentation to use the `fse` prefix instead of `fs`. This may encourage people to start using `fse` as a prefix and hence make their code clearer that they\'re not using the native `fs`. I\'m very undecided on this one since `fs-extra` is a drop in replacement for the native `fs`. (I\'m leaning against this now.)\n\n\n\nNaming\n------\n\nI put a lot of thought into the naming of these functions. Inspired by @coolaj86\'s request. So he deserves much of the credit for raising the issue. See discussion(s) here:\n\n* https://github.com/jprichardson/node-fs-extra/issues/2\n* https://github.com/flatiron/utile/issues/11\n* https://github.com/ryanmcgrath/wrench-js/issues/29\n* https://github.com/substack/node-mkdirp/issues/17\n\nFirst, I believe that in as many cases as possible, the [Node.js naming schemes](http://nodejs.org/api/fs.html) should be chosen. However, there are problems with the Node.js own naming schemes.\n\nFor example, `fs.readFile()` and `fs.readdir()`: the **F** is capitalized in *File* and the **d** is not capitalized in *dir*. Perhaps a bit pedantic, but they should still be consistent. Also, Node.js has chosen a lot of POSIX naming schemes, which I believe is great. See: `fs.mkdir()`, `fs.rmdir()`, `fs.chown()`, etc.\n\nWe have a dilemma though. How do you consistently name methods that perform the following POSIX commands: `cp`, `cp -r`, `mkdir -p`, and `rm -rf`?\n\nMy perspective: when in doubt, err on the side of simplicity. A directory is just a hierarchical grouping of directories and files. Consider that for a moment. So when you want to copy it or remove it, in most cases you\'ll want to copy or remove all of its contents. When you want to create a directory, if the directory that it\'s suppose to be contained in does not exist, then in most cases you\'ll want to create that too. \n\nSo, if you want to remove a file or a directory regardless of whether it has contents, just call `fs.remove(path)` or its alias `fs.delete(path)`. If you want to copy a file or a directory whether it has contents, just call `fs.copy(source, destination)`. If you want to create a directory regardless of whether its parent directories exist, just call `fs.mkdirs(path)` or `fs.mkdirp(path)`. \n\n\nCredit\n------\n\n`fs-extra` wouldn\'t be possible without using the modules from the following authors:\n\n- [Isaac Shlueter](https://github.com/isaacs)\n- [Charlie McConnel](https://github.com/avianflu)\n- [James Halliday](https://github.com/substack)\n\n\nContributions\n-------------\n\nIf you want to contribute, please add a test if you can. Also, don\'t change the version in `package.json`.\n\n\n### Contributors\n\n- [JP Richardson](https://github.com/jprichardson)\n- [Mike McNeil](https://github.com/mikermcneil)\n- [Ian Crowther](https://github.com/iancrowther)\n- [Stephen Mathieson](https://github.com/stephenmathieson)\n- [Srirangan](https://github.com/Srirangan)\n- [Uli Köhler](https://github.com/ulikoehler)\n- `<your name here>`\n\n\n\n\nLicense\n-------\n\n\nLicensed under MIT\n\nCopyright (c) 2011-2013 JP Richardson\n\n[1]: http://nodejs.org/docs/latest/api/fs.html \n\n\n[jsonfile]: https://github.com/jprichardson/node-jsonfile\n\n\n\n\n\n',
106 silly resolved     readmeFilename: 'README.md',
106 silly resolved     bugs: { url: 'https://github.com/jprichardson/node-fs-extra/issues' },
106 silly resolved     _id: 'fs-extra@0.8.1',
106 silly resolved     dist: { shasum: '89f88512b61dd01ccc736f8d6741d093f5844c88' },
106 silly resolved     _from: 'fs-extra@',
106 silly resolved     _resolved: 'https://registry.npmjs.org/fs-extra/-/fs-extra-0.8.1.tgz' } ]
107 info install fs-extra@0.8.1 into /home/sojuz/projects/nodejs/krakenTest
108 info installOne fs-extra@0.8.1
109 info /home/sojuz/projects/nodejs/krakenTest/node_modules/fs-extra unbuild
110 verbose tar unpack /home/sojuz/.npm/fs-extra/0.8.1/package.tgz
111 silly lockFile 8c4c1a19-krakenTest-node-modules-fs-extra tar:///home/sojuz/projects/nodejs/krakenTest/node_modules/fs-extra
112 verbose lock tar:///home/sojuz/projects/nodejs/krakenTest/node_modules/fs-extra /home/sojuz/.npm/8c4c1a19-krakenTest-node-modules-fs-extra.lock
113 silly lockFile 8d42570a-z-npm-fs-extra-0-8-1-package-tgz tar:///home/sojuz/.npm/fs-extra/0.8.1/package.tgz
114 verbose lock tar:///home/sojuz/.npm/fs-extra/0.8.1/package.tgz /home/sojuz/.npm/8d42570a-z-npm-fs-extra-0-8-1-package-tgz.lock
115 silly gunzTarPerm modes [ '755', '644' ]
116 silly gunzTarPerm extractEntry package.json
117 silly gunzTarPerm extractEntry .npmignore
118 silly gunzTarPerm extractEntry README.md
119 silly gunzTarPerm extractEntry LICENSE
120 silly gunzTarPerm extractEntry CHANGELOG.md
121 silly gunzTarPerm extractEntry lib/copy.js
122 silly gunzTarPerm extractEntry lib/create.js
123 silly gunzTarPerm extractEntry lib/index.js
124 silly gunzTarPerm extractEntry lib/json.js
125 silly gunzTarPerm extractEntry lib/mkdir.js
126 silly gunzTarPerm extractEntry lib/output.js
127 silly gunzTarPerm extractEntry lib/remove.js
128 silly lockFile 8c4c1a19-krakenTest-node-modules-fs-extra tar:///home/sojuz/projects/nodejs/krakenTest/node_modules/fs-extra
129 silly lockFile 8c4c1a19-krakenTest-node-modules-fs-extra tar:///home/sojuz/projects/nodejs/krakenTest/node_modules/fs-extra
130 silly lockFile 8d42570a-z-npm-fs-extra-0-8-1-package-tgz tar:///home/sojuz/.npm/fs-extra/0.8.1/package.tgz
131 silly lockFile 8d42570a-z-npm-fs-extra-0-8-1-package-tgz tar:///home/sojuz/.npm/fs-extra/0.8.1/package.tgz
132 info preinstall fs-extra@0.8.1
133 verbose readDependencies using package.json deps
134 verbose readDependencies using package.json deps
135 verbose cache add [ 'jsonfile@~1.1.0', null ]
136 verbose cache add name=undefined spec="jsonfile@~1.1.0" args=["jsonfile@~1.1.0",null]
137 verbose parsed url { protocol: null,
137 verbose parsed url   slashes: null,
137 verbose parsed url   auth: null,
137 verbose parsed url   host: null,
137 verbose parsed url   port: null,
137 verbose parsed url   hostname: null,
137 verbose parsed url   hash: null,
137 verbose parsed url   search: null,
137 verbose parsed url   query: null,
137 verbose parsed url   pathname: 'jsonfile@~1.1.0',
137 verbose parsed url   path: 'jsonfile@~1.1.0',
137 verbose parsed url   href: 'jsonfile@~1.1.0' }
138 verbose cache add name="jsonfile" spec="~1.1.0" args=["jsonfile","~1.1.0"]
139 verbose parsed url { protocol: null,
139 verbose parsed url   slashes: null,
139 verbose parsed url   auth: null,
139 verbose parsed url   host: null,
139 verbose parsed url   port: null,
139 verbose parsed url   hostname: null,
139 verbose parsed url   hash: null,
139 verbose parsed url   search: null,
139 verbose parsed url   query: null,
139 verbose parsed url   pathname: '~1.1.0',
139 verbose parsed url   path: '~1.1.0',
139 verbose parsed url   href: '~1.1.0' }
140 verbose addNamed [ 'jsonfile', '~1.1.0' ]
141 verbose addNamed [ null, '>=1.1.0-0 <1.2.0-0' ]
142 silly lockFile a43eb6bd-jsonfile-1-1-0 jsonfile@~1.1.0
143 verbose lock jsonfile@~1.1.0 /home/sojuz/.npm/a43eb6bd-jsonfile-1-1-0.lock
144 verbose cache add [ 'rimraf@~2.2.0', null ]
145 verbose cache add name=undefined spec="rimraf@~2.2.0" args=["rimraf@~2.2.0",null]
146 verbose parsed url { protocol: null,
146 verbose parsed url   slashes: null,
146 verbose parsed url   auth: null,
146 verbose parsed url   host: null,
146 verbose parsed url   port: null,
146 verbose parsed url   hostname: null,
146 verbose parsed url   hash: null,
146 verbose parsed url   search: null,
146 verbose parsed url   query: null,
146 verbose parsed url   pathname: 'rimraf@~2.2.0',
146 verbose parsed url   path: 'rimraf@~2.2.0',
146 verbose parsed url   href: 'rimraf@~2.2.0' }
147 verbose cache add name="rimraf" spec="~2.2.0" args=["rimraf","~2.2.0"]
148 verbose parsed url { protocol: null,
148 verbose parsed url   slashes: null,
148 verbose parsed url   auth: null,
148 verbose parsed url   host: null,
148 verbose parsed url   port: null,
148 verbose parsed url   hostname: null,
148 verbose parsed url   hash: null,
148 verbose parsed url   search: null,
148 verbose parsed url   query: null,
148 verbose parsed url   pathname: '~2.2.0',
148 verbose parsed url   path: '~2.2.0',
148 verbose parsed url   href: '~2.2.0' }
149 verbose addNamed [ 'rimraf', '~2.2.0' ]
150 verbose addNamed [ null, '>=2.2.0-0 <2.3.0-0' ]
151 silly lockFile 69dbd68f-rimraf-2-2-0 rimraf@~2.2.0
152 verbose lock rimraf@~2.2.0 /home/sojuz/.npm/69dbd68f-rimraf-2-2-0.lock
153 verbose cache add [ 'ncp@~0.4.2', null ]
154 verbose cache add name=undefined spec="ncp@~0.4.2" args=["ncp@~0.4.2",null]
155 verbose parsed url { protocol: null,
155 verbose parsed url   slashes: null,
155 verbose parsed url   auth: null,
155 verbose parsed url   host: null,
155 verbose parsed url   port: null,
155 verbose parsed url   hostname: null,
155 verbose parsed url   hash: null,
155 verbose parsed url   search: null,
155 verbose parsed url   query: null,
155 verbose parsed url   pathname: 'ncp@~0.4.2',
155 verbose parsed url   path: 'ncp@~0.4.2',
155 verbose parsed url   href: 'ncp@~0.4.2' }
156 verbose cache add name="ncp" spec="~0.4.2" args=["ncp","~0.4.2"]
157 verbose parsed url { protocol: null,
157 verbose parsed url   slashes: null,
157 verbose parsed url   auth: null,
157 verbose parsed url   host: null,
157 verbose parsed url   port: null,
157 verbose parsed url   hostname: null,
157 verbose parsed url   hash: null,
157 verbose parsed url   search: null,
157 verbose parsed url   query: null,
157 verbose parsed url   pathname: '~0.4.2',
157 verbose parsed url   path: '~0.4.2',
157 verbose parsed url   href: '~0.4.2' }
158 verbose addNamed [ 'ncp', '~0.4.2' ]
159 verbose addNamed [ null, '>=0.4.2-0 <0.5.0-0' ]
160 silly lockFile 1f31aeaa-ncp-0-4-2 ncp@~0.4.2
161 verbose lock ncp@~0.4.2 /home/sojuz/.npm/1f31aeaa-ncp-0-4-2.lock
162 verbose cache add [ 'mkdirp@0.3.x', null ]
163 verbose cache add name=undefined spec="mkdirp@0.3.x" args=["mkdirp@0.3.x",null]
164 verbose parsed url { protocol: null,
164 verbose parsed url   slashes: null,
164 verbose parsed url   auth: null,
164 verbose parsed url   host: null,
164 verbose parsed url   port: null,
164 verbose parsed url   hostname: null,
164 verbose parsed url   hash: null,
164 verbose parsed url   search: null,
164 verbose parsed url   query: null,
164 verbose parsed url   pathname: 'mkdirp@0.3.x',
164 verbose parsed url   path: 'mkdirp@0.3.x',
164 verbose parsed url   href: 'mkdirp@0.3.x' }
165 verbose cache add name="mkdirp" spec="0.3.x" args=["mkdirp","0.3.x"]
166 verbose parsed url { protocol: null,
166 verbose parsed url   slashes: null,
166 verbose parsed url   auth: null,
166 verbose parsed url   host: null,
166 verbose parsed url   port: null,
166 verbose parsed url   hostname: null,
166 verbose parsed url   hash: null,
166 verbose parsed url   search: null,
166 verbose parsed url   query: null,
166 verbose parsed url   pathname: '0.3.x',
166 verbose parsed url   path: '0.3.x',
166 verbose parsed url   href: '0.3.x' }
167 verbose addNamed [ 'mkdirp', '0.3.x' ]
168 verbose addNamed [ null, '>=0.3.0-0 <0.4.0-0' ]
169 silly lockFile 6d3723ce-mkdirp-0-3-x mkdirp@0.3.x
170 verbose lock mkdirp@0.3.x /home/sojuz/.npm/6d3723ce-mkdirp-0-3-x.lock
171 silly addNameRange { name: 'jsonfile', range: '>=1.1.0-0 <1.2.0-0', hasData: false }
172 silly addNameRange { name: 'rimraf', range: '>=2.2.0-0 <2.3.0-0', hasData: false }
173 silly addNameRange { name: 'ncp', range: '>=0.4.2-0 <0.5.0-0', hasData: false }
174 verbose url raw jsonfile
175 verbose url resolving [ 'https://registry.npmjs.org/', './jsonfile' ]
176 verbose url resolved https://registry.npmjs.org/jsonfile
177 info trying registry request attempt 1 at 18:28:28
178 http GET https://registry.npmjs.org/jsonfile
179 silly addNameRange { name: 'mkdirp', range: '>=0.3.0-0 <0.4.0-0', hasData: false }
180 verbose url raw ncp
181 verbose url resolving [ 'https://registry.npmjs.org/', './ncp' ]
182 verbose url resolved https://registry.npmjs.org/ncp
183 info trying registry request attempt 1 at 18:28:28
184 http GET https://registry.npmjs.org/ncp
185 verbose url raw rimraf
186 verbose url resolving [ 'https://registry.npmjs.org/', './rimraf' ]
187 verbose url resolved https://registry.npmjs.org/rimraf
188 info trying registry request attempt 1 at 18:28:28
189 verbose etag "A9IB7CO27T8QICS45GYZX0R85"
190 http GET https://registry.npmjs.org/rimraf
191 verbose url raw mkdirp
192 verbose url resolving [ 'https://registry.npmjs.org/', './mkdirp' ]
193 verbose url resolved https://registry.npmjs.org/mkdirp
194 info trying registry request attempt 1 at 18:28:28
195 verbose etag "DBC495601MPJBLUZWFOLO6F6N"
196 http GET https://registry.npmjs.org/mkdirp
197 http 200 https://registry.npmjs.org/jsonfile
198 silly registry.get cb [ 200,
198 silly registry.get   { date: 'Thu, 09 Jan 2014 17:28:28 GMT',
198 silly registry.get     server: 'CouchDB/1.5.0 (Erlang OTP/R15B03)',
198 silly registry.get     etag: '"E3TSL3VKXLBC9NQHCZAOTY57S"',
198 silly registry.get     'content-type': 'application/json',
198 silly registry.get     'content-length': '17132',
198 silly registry.get     'accept-ranges': 'bytes',
198 silly registry.get     via: '1.1 varnish',
198 silly registry.get     age: '42815',
198 silly registry.get     'x-served-by': 'cache-fra1225-FRA',
198 silly registry.get     'x-cache': 'HIT',
198 silly registry.get     'x-cache-hits': '1',
198 silly registry.get     'x-timer': 'S1389288507.857362747,VS0,VE178',
198 silly registry.get     vary: 'Accept',
198 silly registry.get     'keep-alive': 'timeout=10, max=50',
198 silly registry.get     connection: 'Keep-Alive' } ]
199 http 304 https://registry.npmjs.org/rimraf
200 silly registry.get cb [ 304,
200 silly registry.get   { date: 'Thu, 09 Jan 2014 17:28:27 GMT',
200 silly registry.get     server: 'Apache',
200 silly registry.get     connection: 'Keep-Alive',
200 silly registry.get     'keep-alive': 'timeout=10, max=50',
200 silly registry.get     etag: '"A9IB7CO27T8QICS45GYZX0R85"',
200 silly registry.get     vary: 'Accept' } ]
201 verbose etag rimraf from cache
202 silly addNameRange number 2 { name: 'rimraf', range: '>=2.2.0-0 <2.3.0-0', hasData: true }
203 silly addNameRange versions [ 'rimraf',
203 silly addNameRange   [ '1.0.0',
203 silly addNameRange     '1.0.1',
203 silly addNameRange     '1.0.2',
203 silly addNameRange     '1.0.4',
203 silly addNameRange     '1.0.5',
203 silly addNameRange     '1.0.6',
203 silly addNameRange     '1.0.7',
203 silly addNameRange     '1.0.8',
203 silly addNameRange     '1.0.9',
203 silly addNameRange     '2.0.0',
203 silly addNameRange     '2.0.1',
203 silly addNameRange     '2.0.2',
203 silly addNameRange     '2.0.3',
203 silly addNameRange     '2.1.0',
203 silly addNameRange     '2.1.1',
203 silly addNameRange     '2.1.2',
203 silly addNameRange     '2.1.3',
203 silly addNameRange     '2.1.4',
203 silly addNameRange     '2.2.0',
203 silly addNameRange     '2.2.1',
203 silly addNameRange     '2.2.2',
203 silly addNameRange     '2.2.3',
203 silly addNameRange     '2.2.4',
203 silly addNameRange     '2.2.5' ] ]
204 verbose addNamed [ 'rimraf', '2.2.5' ]
205 verbose addNamed [ '2.2.5', '2.2.5' ]
206 silly lockFile 26564256-rimraf-2-2-5 rimraf@2.2.5
207 verbose lock rimraf@2.2.5 /home/sojuz/.npm/26564256-rimraf-2-2-5.lock
208 silly addNameRange number 2 { name: 'jsonfile', range: '>=1.1.0-0 <1.2.0-0', hasData: true }
209 silly addNameRange versions [ 'jsonfile', [ '0.0.1', '1.0.0', '1.0.1', '1.1.0', '1.1.1' ] ]
210 verbose addNamed [ 'jsonfile', '1.1.1' ]
211 verbose addNamed [ '1.1.1', '1.1.1' ]
212 silly lockFile 34a085d2-jsonfile-1-1-1 jsonfile@1.1.1
213 verbose lock jsonfile@1.1.1 /home/sojuz/.npm/34a085d2-jsonfile-1-1-1.lock
214 http 200 https://registry.npmjs.org/ncp
215 silly registry.get cb [ 200,
215 silly registry.get   { date: 'Thu, 09 Jan 2014 17:28:28 GMT',
215 silly registry.get     server: 'CouchDB/1.5.0 (Erlang OTP/R15B03)',
215 silly registry.get     etag: '"CLXK9CXYYAPFJR27S0MA6WSJW"',
215 silly registry.get     'content-type': 'application/json',
215 silly registry.get     'content-length': '41214',
215 silly registry.get     'accept-ranges': 'bytes',
215 silly registry.get     via: '1.1 varnish',
215 silly registry.get     age: '939',
215 silly registry.get     'x-served-by': 'cache-fra1231-FRA',
215 silly registry.get     'x-cache': 'HIT',
215 silly registry.get     'x-cache-hits': '1',
215 silly registry.get     'x-timer': 'S1389288507.857840538,VS0,VE173',
215 silly registry.get     vary: 'Accept',
215 silly registry.get     'keep-alive': 'timeout=10, max=50',
215 silly registry.get     connection: 'Keep-Alive' } ]
216 http 304 https://registry.npmjs.org/mkdirp
217 silly registry.get cb [ 304,
217 silly registry.get   { date: 'Thu, 09 Jan 2014 17:28:27 GMT',
217 silly registry.get     server: 'Apache',
217 silly registry.get     connection: 'Keep-Alive',
217 silly registry.get     'keep-alive': 'timeout=10, max=50',
217 silly registry.get     etag: '"DBC495601MPJBLUZWFOLO6F6N"',
217 silly registry.get     vary: 'Accept' } ]
218 verbose etag mkdirp from cache
219 silly lockFile 5a3b0338--org-jsonfile-jsonfile-1-1-1-tgz https://registry.npmjs.org/jsonfile/-/jsonfile-1.1.1.tgz
220 verbose lock https://registry.npmjs.org/jsonfile/-/jsonfile-1.1.1.tgz /home/sojuz/.npm/5a3b0338--org-jsonfile-jsonfile-1-1-1-tgz.lock
221 verbose addRemoteTarball [ 'https://registry.npmjs.org/jsonfile/-/jsonfile-1.1.1.tgz',
221 verbose addRemoteTarball   'da4fd6ad77f1a255203ea63c7bc32dc31ef64433' ]
222 info retry fetch attempt 1 at 18:28:28
223 verbose fetch to= /home/sojuz/tmp/npm-18678-cIogkVa2/1389288508578-0.6548826561775059/tmp.tgz
224 http GET https://registry.npmjs.org/jsonfile/-/jsonfile-1.1.1.tgz
225 silly addNameRange number 2 { name: 'ncp', range: '>=0.4.2-0 <0.5.0-0', hasData: true }
226 silly addNameRange versions [ 'ncp',
226 silly addNameRange   [ '0.0.0',
226 silly addNameRange     '0.0.1',
226 silly addNameRange     '0.0.2',
226 silly addNameRange     '0.1.0',
226 silly addNameRange     '0.1.1',
226 silly addNameRange     '0.1.2',
226 silly addNameRange     '0.2.0',
226 silly addNameRange     '0.2.1',
226 silly addNameRange     '0.2.2',
226 silly addNameRange     '0.2.3',
226 silly addNameRange     '0.2.4',
226 silly addNameRange     '0.2.5',
226 silly addNameRange     '0.2.6',
226 silly addNameRange     '0.3.0',
226 silly addNameRange     '0.4.0',
226 silly addNameRange     '0.2.7',
226 silly addNameRange     '0.4.1',
226 silly addNameRange     '0.4.2',
226 silly addNameRange     '0.5.0' ] ]
227 verbose addNamed [ 'ncp', '0.4.2' ]
228 verbose addNamed [ '0.4.2', '0.4.2' ]
229 silly lockFile e43cb36a-ncp-0-4-2 ncp@0.4.2
230 verbose lock ncp@0.4.2 /home/sojuz/.npm/e43cb36a-ncp-0-4-2.lock
231 silly addNameRange number 2 { name: 'mkdirp', range: '>=0.3.0-0 <0.4.0-0', hasData: true }
232 silly addNameRange versions [ 'mkdirp',
232 silly addNameRange   [ '0.0.1',
232 silly addNameRange     '0.0.2',
232 silly addNameRange     '0.0.3',
232 silly addNameRange     '0.0.4',
232 silly addNameRange     '0.0.5',
232 silly addNameRange     '0.0.6',
232 silly addNameRange     '0.0.7',
232 silly addNameRange     '0.1.0',
232 silly addNameRange     '0.2.0',
232 silly addNameRange     '0.2.1',
232 silly addNameRange     '0.2.2',
232 silly addNameRange     '0.3.0',
232 silly addNameRange     '0.3.1',
232 silly addNameRange     '0.3.2',
232 silly addNameRange     '0.3.3',
232 silly addNameRange     '0.3.4',
232 silly addNameRange     '0.3.5' ] ]
233 verbose addNamed [ 'mkdirp', '0.3.5' ]
234 verbose addNamed [ '0.3.5', '0.3.5' ]
235 silly lockFile 67d2df2a-mkdirp-0-3-5 mkdirp@0.3.5
236 verbose lock mkdirp@0.3.5 /home/sojuz/.npm/67d2df2a-mkdirp-0-3-5.lock
237 silly lockFile b3172d45-stry-npmjs-org-ncp-ncp-0-4-2-tgz https://registry.npmjs.org/ncp/-/ncp-0.4.2.tgz
238 verbose lock https://registry.npmjs.org/ncp/-/ncp-0.4.2.tgz /home/sojuz/.npm/b3172d45-stry-npmjs-org-ncp-ncp-0-4-2-tgz.lock
239 verbose addRemoteTarball [ 'https://registry.npmjs.org/ncp/-/ncp-0.4.2.tgz',
239 verbose addRemoteTarball   'abcc6cbd3ec2ed2a729ff6e7c1fa8f01784a8574' ]
240 info retry fetch attempt 1 at 18:28:28
241 verbose fetch to= /home/sojuz/tmp/npm-18678-cIogkVa2/1389288508605-0.09736347361467779/tmp.tgz
242 http GET https://registry.npmjs.org/ncp/-/ncp-0.4.2.tgz
243 silly lockFile 26564256-rimraf-2-2-5 rimraf@2.2.5
244 silly lockFile 26564256-rimraf-2-2-5 rimraf@2.2.5
245 silly lockFile 69dbd68f-rimraf-2-2-0 rimraf@~2.2.0
246 silly lockFile 69dbd68f-rimraf-2-2-0 rimraf@~2.2.0
247 silly lockFile 67d2df2a-mkdirp-0-3-5 mkdirp@0.3.5
248 silly lockFile 67d2df2a-mkdirp-0-3-5 mkdirp@0.3.5
249 silly lockFile 6d3723ce-mkdirp-0-3-x mkdirp@0.3.x
250 silly lockFile 6d3723ce-mkdirp-0-3-x mkdirp@0.3.x
251 http 200 https://registry.npmjs.org/jsonfile/-/jsonfile-1.1.1.tgz
252 http 200 https://registry.npmjs.org/ncp/-/ncp-0.4.2.tgz
253 verbose tar unpack /home/sojuz/tmp/npm-18678-cIogkVa2/1389288508578-0.6548826561775059/tmp.tgz
254 silly lockFile 302f61c7-08578-0-6548826561775059-package tar:///home/sojuz/tmp/npm-18678-cIogkVa2/1389288508578-0.6548826561775059/package
255 verbose lock tar:///home/sojuz/tmp/npm-18678-cIogkVa2/1389288508578-0.6548826561775059/package /home/sojuz/.npm/302f61c7-08578-0-6548826561775059-package.lock
256 silly lockFile 85f9d94b-08578-0-6548826561775059-tmp-tgz tar:///home/sojuz/tmp/npm-18678-cIogkVa2/1389288508578-0.6548826561775059/tmp.tgz
257 verbose lock tar:///home/sojuz/tmp/npm-18678-cIogkVa2/1389288508578-0.6548826561775059/tmp.tgz /home/sojuz/.npm/85f9d94b-08578-0-6548826561775059-tmp-tgz.lock
258 silly gunzTarPerm modes [ '755', '644' ]
259 verbose tar unpack /home/sojuz/tmp/npm-18678-cIogkVa2/1389288508605-0.09736347361467779/tmp.tgz
260 silly lockFile 643cad17-8605-0-09736347361467779-package tar:///home/sojuz/tmp/npm-18678-cIogkVa2/1389288508605-0.09736347361467779/package
261 verbose lock tar:///home/sojuz/tmp/npm-18678-cIogkVa2/1389288508605-0.09736347361467779/package /home/sojuz/.npm/643cad17-8605-0-09736347361467779-package.lock
262 silly lockFile 6c1ef721-8605-0-09736347361467779-tmp-tgz tar:///home/sojuz/tmp/npm-18678-cIogkVa2/1389288508605-0.09736347361467779/tmp.tgz
263 verbose lock tar:///home/sojuz/tmp/npm-18678-cIogkVa2/1389288508605-0.09736347361467779/tmp.tgz /home/sojuz/.npm/6c1ef721-8605-0-09736347361467779-tmp-tgz.lock
264 silly gunzTarPerm modes [ '755', '644' ]
265 silly gunzTarPerm extractEntry package.json
266 silly gunzTarPerm extractEntry .npmignore
267 silly gunzTarPerm extractEntry README.md
268 silly gunzTarPerm extractEntry package.json
269 silly gunzTarPerm extractEntry .npmignore
270 silly gunzTarPerm extractEntry README.md
271 silly gunzTarPerm extractEntry LICENSE
272 silly gunzTarPerm extractEntry CHANGELOG.md
273 silly gunzTarPerm extractEntry .travis.yml
274 silly gunzTarPerm extractEntry bin/ncp
275 silly gunzTarPerm extractEntry lib/jsonfile.js
276 silly gunzTarPerm extractEntry lib/ncp.js
277 silly gunzTarPerm extractEntry LICENSE.md
278 silly gunzTarPerm extractEntry test/ncp-test.js
279 silly gunzTarPerm extractEntry test/fixtures/src/a
280 silly gunzTarPerm extractEntry test/fixtures/src/b
281 silly gunzTarPerm extractEntry test/fixtures/src/c
282 silly gunzTarPerm extractEntry test/fixtures/src/d
283 silly gunzTarPerm extractEntry test/fixtures/src/e
284 silly gunzTarPerm extractEntry test/fixtures/src/f
285 silly gunzTarPerm extractEntry test/fixtures/src/sub/a
286 silly gunzTarPerm extractEntry test/fixtures/src/sub/b
287 silly lockFile 302f61c7-08578-0-6548826561775059-package tar:///home/sojuz/tmp/npm-18678-cIogkVa2/1389288508578-0.6548826561775059/package
288 silly lockFile 302f61c7-08578-0-6548826561775059-package tar:///home/sojuz/tmp/npm-18678-cIogkVa2/1389288508578-0.6548826561775059/package
289 silly lockFile 85f9d94b-08578-0-6548826561775059-tmp-tgz tar:///home/sojuz/tmp/npm-18678-cIogkVa2/1389288508578-0.6548826561775059/tmp.tgz
290 silly lockFile 85f9d94b-08578-0-6548826561775059-tmp-tgz tar:///home/sojuz/tmp/npm-18678-cIogkVa2/1389288508578-0.6548826561775059/tmp.tgz
291 verbose tar pack [ '/home/sojuz/.npm/jsonfile/1.1.1/package.tgz',
291 verbose tar pack   '/home/sojuz/tmp/npm-18678-cIogkVa2/1389288508578-0.6548826561775059/package' ]
292 verbose tarball /home/sojuz/.npm/jsonfile/1.1.1/package.tgz
293 verbose folder /home/sojuz/tmp/npm-18678-cIogkVa2/1389288508578-0.6548826561775059/package
294 silly lockFile 302f61c7-08578-0-6548826561775059-package tar:///home/sojuz/tmp/npm-18678-cIogkVa2/1389288508578-0.6548826561775059/package
295 verbose lock tar:///home/sojuz/tmp/npm-18678-cIogkVa2/1389288508578-0.6548826561775059/package /home/sojuz/.npm/302f61c7-08578-0-6548826561775059-package.lock
296 silly lockFile d5d37dea-z-npm-jsonfile-1-1-1-package-tgz tar:///home/sojuz/.npm/jsonfile/1.1.1/package.tgz
297 verbose lock tar:///home/sojuz/.npm/jsonfile/1.1.1/package.tgz /home/sojuz/.npm/d5d37dea-z-npm-jsonfile-1-1-1-package-tgz.lock
298 silly lockFile 302f61c7-08578-0-6548826561775059-package tar:///home/sojuz/tmp/npm-18678-cIogkVa2/1389288508578-0.6548826561775059/package
299 silly lockFile 302f61c7-08578-0-6548826561775059-package tar:///home/sojuz/tmp/npm-18678-cIogkVa2/1389288508578-0.6548826561775059/package
300 silly lockFile d5d37dea-z-npm-jsonfile-1-1-1-package-tgz tar:///home/sojuz/.npm/jsonfile/1.1.1/package.tgz
301 silly lockFile d5d37dea-z-npm-jsonfile-1-1-1-package-tgz tar:///home/sojuz/.npm/jsonfile/1.1.1/package.tgz
302 silly lockFile c052f473-sojuz-npm-jsonfile-1-1-1-package /home/sojuz/.npm/jsonfile/1.1.1/package
303 verbose lock /home/sojuz/.npm/jsonfile/1.1.1/package /home/sojuz/.npm/c052f473-sojuz-npm-jsonfile-1-1-1-package.lock
304 silly lockFile c052f473-sojuz-npm-jsonfile-1-1-1-package /home/sojuz/.npm/jsonfile/1.1.1/package
305 silly lockFile c052f473-sojuz-npm-jsonfile-1-1-1-package /home/sojuz/.npm/jsonfile/1.1.1/package
306 verbose tar unpack /home/sojuz/.npm/jsonfile/1.1.1/package.tgz
307 silly lockFile 92a08fc0-sojuz-npm-jsonfile-1-1-1-package tar:///home/sojuz/.npm/jsonfile/1.1.1/package
308 verbose lock tar:///home/sojuz/.npm/jsonfile/1.1.1/package /home/sojuz/.npm/92a08fc0-sojuz-npm-jsonfile-1-1-1-package.lock
309 silly lockFile d5d37dea-z-npm-jsonfile-1-1-1-package-tgz tar:///home/sojuz/.npm/jsonfile/1.1.1/package.tgz
310 verbose lock tar:///home/sojuz/.npm/jsonfile/1.1.1/package.tgz /home/sojuz/.npm/d5d37dea-z-npm-jsonfile-1-1-1-package-tgz.lock
311 silly gunzTarPerm modes [ '755', '644' ]
312 silly gunzTarPerm extractEntry package.json
313 silly gunzTarPerm extractEntry .npmignore
314 silly gunzTarPerm extractEntry README.md
315 silly gunzTarPerm extractEntry LICENSE
316 silly gunzTarPerm extractEntry CHANGELOG.md
317 silly gunzTarPerm extractEntry lib/jsonfile.js
318 silly lockFile 643cad17-8605-0-09736347361467779-package tar:///home/sojuz/tmp/npm-18678-cIogkVa2/1389288508605-0.09736347361467779/package
319 silly lockFile 643cad17-8605-0-09736347361467779-package tar:///home/sojuz/tmp/npm-18678-cIogkVa2/1389288508605-0.09736347361467779/package
320 silly lockFile 6c1ef721-8605-0-09736347361467779-tmp-tgz tar:///home/sojuz/tmp/npm-18678-cIogkVa2/1389288508605-0.09736347361467779/tmp.tgz
321 silly lockFile 6c1ef721-8605-0-09736347361467779-tmp-tgz tar:///home/sojuz/tmp/npm-18678-cIogkVa2/1389288508605-0.09736347361467779/tmp.tgz
322 verbose tar pack [ '/home/sojuz/.npm/ncp/0.4.2/package.tgz',
322 verbose tar pack   '/home/sojuz/tmp/npm-18678-cIogkVa2/1389288508605-0.09736347361467779/package' ]
323 verbose tarball /home/sojuz/.npm/ncp/0.4.2/package.tgz
324 verbose folder /home/sojuz/tmp/npm-18678-cIogkVa2/1389288508605-0.09736347361467779/package
325 silly lockFile 643cad17-8605-0-09736347361467779-package tar:///home/sojuz/tmp/npm-18678-cIogkVa2/1389288508605-0.09736347361467779/package
326 verbose lock tar:///home/sojuz/tmp/npm-18678-cIogkVa2/1389288508605-0.09736347361467779/package /home/sojuz/.npm/643cad17-8605-0-09736347361467779-package.lock
327 silly lockFile 215aa620--sojuz-npm-ncp-0-4-2-package-tgz tar:///home/sojuz/.npm/ncp/0.4.2/package.tgz
328 verbose lock tar:///home/sojuz/.npm/ncp/0.4.2/package.tgz /home/sojuz/.npm/215aa620--sojuz-npm-ncp-0-4-2-package-tgz.lock
329 silly lockFile 92a08fc0-sojuz-npm-jsonfile-1-1-1-package tar:///home/sojuz/.npm/jsonfile/1.1.1/package
330 silly lockFile 92a08fc0-sojuz-npm-jsonfile-1-1-1-package tar:///home/sojuz/.npm/jsonfile/1.1.1/package
331 silly lockFile d5d37dea-z-npm-jsonfile-1-1-1-package-tgz tar:///home/sojuz/.npm/jsonfile/1.1.1/package.tgz
332 silly lockFile d5d37dea-z-npm-jsonfile-1-1-1-package-tgz tar:///home/sojuz/.npm/jsonfile/1.1.1/package.tgz
333 verbose chmod /home/sojuz/.npm/jsonfile/1.1.1/package.tgz 644
334 verbose chown /home/sojuz/.npm/jsonfile/1.1.1/package.tgz [ 1000, 1000 ]
335 silly lockFile 5a3b0338--org-jsonfile-jsonfile-1-1-1-tgz https://registry.npmjs.org/jsonfile/-/jsonfile-1.1.1.tgz
336 silly lockFile 5a3b0338--org-jsonfile-jsonfile-1-1-1-tgz https://registry.npmjs.org/jsonfile/-/jsonfile-1.1.1.tgz
337 silly lockFile 34a085d2-jsonfile-1-1-1 jsonfile@1.1.1
338 silly lockFile 34a085d2-jsonfile-1-1-1 jsonfile@1.1.1
339 silly lockFile a43eb6bd-jsonfile-1-1-0 jsonfile@~1.1.0
340 silly lockFile a43eb6bd-jsonfile-1-1-0 jsonfile@~1.1.0
341 silly lockFile 643cad17-8605-0-09736347361467779-package tar:///home/sojuz/tmp/npm-18678-cIogkVa2/1389288508605-0.09736347361467779/package
342 silly lockFile 643cad17-8605-0-09736347361467779-package tar:///home/sojuz/tmp/npm-18678-cIogkVa2/1389288508605-0.09736347361467779/package
343 silly lockFile 215aa620--sojuz-npm-ncp-0-4-2-package-tgz tar:///home/sojuz/.npm/ncp/0.4.2/package.tgz
344 silly lockFile 215aa620--sojuz-npm-ncp-0-4-2-package-tgz tar:///home/sojuz/.npm/ncp/0.4.2/package.tgz
345 silly lockFile fc9484bb-home-sojuz-npm-ncp-0-4-2-package /home/sojuz/.npm/ncp/0.4.2/package
346 verbose lock /home/sojuz/.npm/ncp/0.4.2/package /home/sojuz/.npm/fc9484bb-home-sojuz-npm-ncp-0-4-2-package.lock
347 silly lockFile fc9484bb-home-sojuz-npm-ncp-0-4-2-package /home/sojuz/.npm/ncp/0.4.2/package
348 silly lockFile fc9484bb-home-sojuz-npm-ncp-0-4-2-package /home/sojuz/.npm/ncp/0.4.2/package
349 verbose tar unpack /home/sojuz/.npm/ncp/0.4.2/package.tgz
350 silly lockFile 74a2ac4d-home-sojuz-npm-ncp-0-4-2-package tar:///home/sojuz/.npm/ncp/0.4.2/package
351 verbose lock tar:///home/sojuz/.npm/ncp/0.4.2/package /home/sojuz/.npm/74a2ac4d-home-sojuz-npm-ncp-0-4-2-package.lock
352 silly lockFile 215aa620--sojuz-npm-ncp-0-4-2-package-tgz tar:///home/sojuz/.npm/ncp/0.4.2/package.tgz
353 verbose lock tar:///home/sojuz/.npm/ncp/0.4.2/package.tgz /home/sojuz/.npm/215aa620--sojuz-npm-ncp-0-4-2-package-tgz.lock
354 silly gunzTarPerm modes [ '755', '644' ]
355 silly gunzTarPerm extractEntry package.json
356 silly gunzTarPerm extractEntry .npmignore
357 silly gunzTarPerm extractEntry README.md
358 silly gunzTarPerm extractEntry .travis.yml
359 silly gunzTarPerm extractEntry LICENSE.md
360 silly gunzTarPerm extractEntry bin/ncp
361 silly gunzTarPerm extractEntry lib/ncp.js
362 silly gunzTarPerm extractEntry test/ncp-test.js
363 silly gunzTarPerm extractEntry test/fixtures/src/a
364 silly gunzTarPerm extractEntry test/fixtures/src/b
365 silly gunzTarPerm extractEntry test/fixtures/src/c
366 silly gunzTarPerm extractEntry test/fixtures/src/d
367 silly gunzTarPerm extractEntry test/fixtures/src/e
368 silly gunzTarPerm extractEntry test/fixtures/src/f
369 silly gunzTarPerm extractEntry test/fixtures/src/sub/a
370 silly gunzTarPerm extractEntry test/fixtures/src/sub/b
371 silly lockFile 74a2ac4d-home-sojuz-npm-ncp-0-4-2-package tar:///home/sojuz/.npm/ncp/0.4.2/package
372 silly lockFile 74a2ac4d-home-sojuz-npm-ncp-0-4-2-package tar:///home/sojuz/.npm/ncp/0.4.2/package
373 silly lockFile 215aa620--sojuz-npm-ncp-0-4-2-package-tgz tar:///home/sojuz/.npm/ncp/0.4.2/package.tgz
374 silly lockFile 215aa620--sojuz-npm-ncp-0-4-2-package-tgz tar:///home/sojuz/.npm/ncp/0.4.2/package.tgz
375 verbose chmod /home/sojuz/.npm/ncp/0.4.2/package.tgz 644
376 verbose chown /home/sojuz/.npm/ncp/0.4.2/package.tgz [ 1000, 1000 ]
377 silly lockFile b3172d45-stry-npmjs-org-ncp-ncp-0-4-2-tgz https://registry.npmjs.org/ncp/-/ncp-0.4.2.tgz
378 silly lockFile b3172d45-stry-npmjs-org-ncp-ncp-0-4-2-tgz https://registry.npmjs.org/ncp/-/ncp-0.4.2.tgz
379 silly lockFile e43cb36a-ncp-0-4-2 ncp@0.4.2
380 silly lockFile e43cb36a-ncp-0-4-2 ncp@0.4.2
381 silly lockFile 1f31aeaa-ncp-0-4-2 ncp@~0.4.2
382 silly lockFile 1f31aeaa-ncp-0-4-2 ncp@~0.4.2
383 silly resolved [ { name: 'rimraf',
383 silly resolved     version: '2.2.5',
383 silly resolved     main: 'rimraf.js',
383 silly resolved     description: 'A deep deletion module for node (like `rm -rf`)',
383 silly resolved     author:
383 silly resolved      { name: 'Isaac Z. Schlueter',
383 silly resolved        email: 'i@izs.me',
383 silly resolved        url: 'http://blog.izs.me/' },
383 silly resolved     license:
383 silly resolved      { type: 'MIT',
383 silly resolved        url: 'https://github.com/isaacs/rimraf/raw/master/LICENSE' },
383 silly resolved     repository: { type: 'git', url: 'git://github.com/isaacs/rimraf.git' },
383 silly resolved     scripts: { test: 'cd test && bash run.sh' },
383 silly resolved     bin: { rimraf: './bin.js' },
383 silly resolved     contributors: [ [Object], [Object], [Object], [Object], [Object] ],
383 silly resolved     readme: '`rm -rf` for node.\n\nInstall with `npm install rimraf`, or just drop rimraf.js somewhere.\n\n## API\n\n`rimraf(f, callback)`\n\nThe callback will be called with an error if there is one.  Certain\nerrors are handled for you:\n\n* Windows: `EBUSY` and `ENOTEMPTY` - rimraf will back off a maximum of\n  `opts.maxBusyTries` times before giving up.\n* `ENOENT` - If the file doesn\'t exist, rimraf will return\n  successfully, since your desired outcome is already the case.\n\n## rimraf.sync\n\nIt can remove stuff synchronously, too.  But that\'s not so good.  Use\nthe async API.  It\'s better.\n\n## CLI\n\nIf installed with `npm install rimraf -g` it can be used as a global\ncommand `rimraf <path>` which is useful for cross platform support.\n\n## mkdirp\n\nIf you need to create a directory recursively, check out\n[mkdirp](https://github.com/substack/node-mkdirp).\n',
383 silly resolved     readmeFilename: 'README.md',
383 silly resolved     bugs: { url: 'https://github.com/isaacs/rimraf/issues' },
383 silly resolved     homepage: 'https://github.com/isaacs/rimraf',
383 silly resolved     _id: 'rimraf@2.2.5',
383 silly resolved     _from: 'rimraf@~2.2.0' },
383 silly resolved   { name: 'mkdirp',
383 silly resolved     description: 'Recursively mkdir, like `mkdir -p`',
383 silly resolved     version: '0.3.5',
383 silly resolved     author:
383 silly resolved      { name: 'James Halliday',
383 silly resolved        email: 'mail@substack.net',
383 silly resolved        url: 'http://substack.net' },
383 silly resolved     main: './index',
383 silly resolved     keywords: [ 'mkdir', 'directory' ],
383 silly resolved     repository:
383 silly resolved      { type: 'git',
383 silly resolved        url: 'http://github.com/substack/node-mkdirp.git' },
383 silly resolved     scripts: { test: 'tap test/*.js' },
383 silly resolved     devDependencies: { tap: '~0.4.0' },
383 silly resolved     license: 'MIT',
383 silly resolved     readme: '# mkdirp\n\nLike `mkdir -p`, but in node.js!\n\n[![build status](https://secure.travis-ci.org/substack/node-mkdirp.png)](http://travis-ci.org/substack/node-mkdirp)\n\n# example\n\n## pow.js\n\n```js\nvar mkdirp = require(\'mkdirp\');\n    \nmkdirp(\'/tmp/foo/bar/baz\', function (err) {\n    if (err) console.error(err)\n    else console.log(\'pow!\')\n});\n```\n\nOutput\n\n```\npow!\n```\n\nAnd now /tmp/foo/bar/baz exists, huzzah!\n\n# methods\n\n```js\nvar mkdirp = require(\'mkdirp\');\n```\n\n## mkdirp(dir, mode, cb)\n\nCreate a new directory and any necessary subdirectories at `dir` with octal\npermission string `mode`.\n\nIf `mode` isn\'t specified, it defaults to `0777 & (~process.umask())`.\n\n`cb(err, made)` fires with the error or the first directory `made`\nthat had to be created, if any.\n\n## mkdirp.sync(dir, mode)\n\nSynchronously create a new directory and any necessary subdirectories at `dir`\nwith octal permission string `mode`.\n\nIf `mode` isn\'t specified, it defaults to `0777 & (~process.umask())`.\n\nReturns the first directory that had to be created, if any.\n\n# install\n\nWith [npm](http://npmjs.org) do:\n\n```\nnpm install mkdirp\n```\n\n# license\n\nMIT\n',
383 silly resolved     readmeFilename: 'readme.markdown',
383 silly resolved     bugs: { url: 'https://github.com/substack/node-mkdirp/issues' },
383 silly resolved     homepage: 'https://github.com/substack/node-mkdirp',
383 silly resolved     _id: 'mkdirp@0.3.5',
383 silly resolved     _from: 'mkdirp@0.3.x' },
383 silly resolved   { name: 'jsonfile',
383 silly resolved     version: '1.1.1',
383 silly resolved     description: 'Easily read/write JSON files.',
383 silly resolved     repository:
383 silly resolved      { type: 'git',
383 silly resolved        url: 'git@github.com:jprichardson/node-jsonfile.git' },
383 silly resolved     keywords: [ 'read', 'write', 'file', 'json' ],
383 silly resolved     author: { name: 'JP Richardson', email: 'jprichardson@gmail.com' },
383 silly resolved     licenses: [ [Object] ],
383 silly resolved     dependencies: {},
383 silly resolved     devDependencies: { testutil: '~0.5.1', mocha: '*' },
383 silly resolved     main: './lib/jsonfile.js',
383 silly resolved     scripts: { test: 'mocha test' },
383 silly resolved     readme: '[![build status](https://secure.travis-ci.org/jprichardson/node-jsonfile.png)](http://travis-ci.org/jprichardson/node-jsonfile)\n\nNode.js - jsonfile\n================\n\nEasily read/write JSON files. \n\n\nWhy?\n----\n\nWriting `JSON.stringify()` and then `fs.writeFile()` and `JSON.parse()` with `fs.readFile()` enclosed in `try/catch` blocks became annoying.\n\n\n\nInstallation\n------------\n\n    npm install jsonfile --save\n\n\n\nAPI\n---\n\n### readFile(filename, [options], callback)\n\n```javascript\nvar jf = require(\'jsonfile\')\n  , util = require(\'util\');\n\nvar file = \'/tmp/data.json\';\njs.readFile(file, function(err, obj) {\n  console.log(util.inspect(obj)); \n});\n```\n\n\n### readFileSync(filename, [options])\n\n```javascript\nvar jf = require(\'jsonfile\')\n  , util = require(\'util\');\n\nvar file = \'/tmp/data.json\';\n\nconsole.log(util.inspect(jf.readFileSync(file)));\n```\n\n\n### writeFile(filename, [options], callback)\n\n```javascript\nvar jf = require(\'jsonfile\')\n\nvar file = \'/tmp/data.json\';\nvar obj = {name: \'JP\'};\n\njf.writeFile(file, obj, function(err) {\n  console.log(err);\n})\n```\n\n### writeFileSync(filename, [options])\n\n```javascript\nvar jf = require(\'jsonfile\')\n\nvar file = \'/tmp/data.json\';\nvar obj = {name: \'JP\'};\n\njf.writeFileSync(file, obj);\n```\n\n\n### spaces\n\nNumber of spaces to indent JSON files. \n\n**default:** 2\n\n```\nvar jf = require(\'jsonfile\');\n\njf.spaces = 4;\n\nvar file = \'/tmp/data.json\';\nvar obj = {name: \'JP\'};\n\njf.writeFile(file, obj, function(err) { //json file has four space indenting now\n  console.log(err);\n});\n```\n\n\nContributions\n-------------\n\nIf you contribute to this library, please don\'t change the version numbers in your pull request.\n\n\n### Contributors\n\n(You can add your name, or I\'ll add it if you forget)\n\n- [*] [JP Richardson](https://github.com/jprichardson)\n- [2] [Sean O\'Dell](https://github.com/seanodell)\n- [1] [Federico Fissore](https://github.com/ffissore)\n\n\nLicense\n-------\n\n(MIT License)\n\nCopyright 2012-2013, JP Richardson  <jprichardson@gmail.com>\n\n\n\n\n\n',
383 silly resolved     readmeFilename: 'README.md',
383 silly resolved     bugs: { url: 'https://github.com/jprichardson/node-jsonfile/issues' },
383 silly resolved     homepage: 'https://github.com/jprichardson/node-jsonfile',
383 silly resolved     _id: 'jsonfile@1.1.1',
383 silly resolved     dist: { shasum: '6e89adf11b0f8f010b92a4226adc7752456e117c' },
383 silly resolved     _from: 'jsonfile@~1.1.0',
383 silly resolved     _resolved: 'https://registry.npmjs.org/jsonfile/-/jsonfile-1.1.1.tgz' },
383 silly resolved   { name: 'ncp',
383 silly resolved     version: '0.4.2',
383 silly resolved     author: { name: 'AvianFlu', email: 'charlie@charlieistheman.com' },
383 silly resolved     description: 'Asynchronous recursive file copy utility.',
383 silly resolved     bin: { ncp: './bin/ncp' },
383 silly resolved     devDependencies: { vows: '0.6.x', rimraf: '1.0.x', 'read-dir-files': '0.0.x' },
383 silly resolved     main: './lib/ncp.js',
383 silly resolved     repository: { type: 'git', url: 'https://github.com/AvianFlu/ncp.git' },
383 silly resolved     keywords: [ 'cli', 'copy' ],
383 silly resolved     license: 'MIT',
383 silly resolved     engine: { node: '>=0.4' },
383 silly resolved     scripts: { test: 'vows --isolate --spec' },
383 silly resolved     readme: '# ncp - Asynchronous recursive file & directory copying\n\n[![Build Status](https://secure.travis-ci.org/AvianFlu/ncp.png)](http://travis-ci.org/AvianFlu/ncp)\n\nThink `cp -r`, but pure node, and asynchronous.  `ncp` can be used both as a CLI tool and programmatically.\n\n## Command Line usage\n\nUsage is simple: `ncp [source] [dest] [--limit=concurrency limit]\n[--filter=filter] --stopOnErr`\n\nThe \'filter\' is a Regular Expression - matched files will be copied.\n\nThe \'concurrency limit\' is an integer that represents how many pending file system requests `ncp` has at a time.\n\n\'stopOnErr\' is a boolean flag that will tell `ncp` to stop immediately if any\nerrors arise, rather than attempting to continue while logging errors.\n\nIf there are no errors, `ncp` will output `done.` when complete.  If there are errors, the error messages will be logged to `stdout` and to `./ncp-debug.log`, and the copy operation will attempt to continue.\n\n## Programmatic usage\n\nProgrammatic usage of `ncp` is just as simple.  The only argument to the completion callback is a possible error.  \n\n```javascript\nvar ncp = require(\'ncp\').ncp;\n\nncp.limit = 16;\n\nncp(source, destination, function (err) {\n if (err) {\n   return console.error(err);\n }\n console.log(\'done!\');\n});\n```\n\nYou can also call ncp like `ncp(source, destination, options, callback)`. \n`options` should be a dictionary. Currently, such options are available:\n\n  * `options.filter` - a `RegExp` instance, against which each file name is\n  tested to determine whether to copy it or not, or a function taking single\n  parameter: copied file name, returning `true` or `false`, determining\n  whether to copy file or not.\n\n  * `options.transform` - a function: `function (read, write) { read.pipe(write) }`\n  used to apply streaming transforms while copying.\n\n  * `options.clobber` - boolean=true. if set to false, `ncp` will not overwrite \n  destination files that already exist.\n\nPlease open an issue if any bugs arise.  As always, I accept (working) pull requests, and refunds are available at `/dev/null`.\n',
383 silly resolved     readmeFilename: 'README.md',
383 silly resolved     bugs: { url: 'https://github.com/AvianFlu/ncp/issues' },
383 silly resolved     homepage: 'https://github.com/AvianFlu/ncp',
383 silly resolved     _id: 'ncp@0.4.2',
383 silly resolved     dist: { shasum: '9f0a584a8221c9fa9cfaf41e12074539f4ea9432' },
383 silly resolved     _from: 'ncp@~0.4.2',
383 silly resolved     _resolved: 'https://registry.npmjs.org/ncp/-/ncp-0.4.2.tgz' } ]
384 info install rimraf@2.2.5 into /home/sojuz/projects/nodejs/krakenTest/node_modules/fs-extra
385 info install mkdirp@0.3.5 into /home/sojuz/projects/nodejs/krakenTest/node_modules/fs-extra
386 info install jsonfile@1.1.1 into /home/sojuz/projects/nodejs/krakenTest/node_modules/fs-extra
387 info install ncp@0.4.2 into /home/sojuz/projects/nodejs/krakenTest/node_modules/fs-extra
388 info installOne rimraf@2.2.5
389 info installOne mkdirp@0.3.5
390 info installOne jsonfile@1.1.1
391 info installOne ncp@0.4.2
392 info /home/sojuz/projects/nodejs/krakenTest/node_modules/fs-extra/node_modules/rimraf unbuild
393 info /home/sojuz/projects/nodejs/krakenTest/node_modules/fs-extra/node_modules/mkdirp unbuild
394 info /home/sojuz/projects/nodejs/krakenTest/node_modules/fs-extra/node_modules/jsonfile unbuild
395 info /home/sojuz/projects/nodejs/krakenTest/node_modules/fs-extra/node_modules/ncp unbuild
396 verbose tar unpack /home/sojuz/.npm/rimraf/2.2.5/package.tgz
397 silly lockFile f4dcf8a4-les-fs-extra-node-modules-rimraf tar:///home/sojuz/projects/nodejs/krakenTest/node_modules/fs-extra/node_modules/rimraf
398 verbose lock tar:///home/sojuz/projects/nodejs/krakenTest/node_modules/fs-extra/node_modules/rimraf /home/sojuz/.npm/f4dcf8a4-les-fs-extra-node-modules-rimraf.lock
399 silly lockFile 7a4f0637-juz-npm-rimraf-2-2-5-package-tgz tar:///home/sojuz/.npm/rimraf/2.2.5/package.tgz
400 verbose lock tar:///home/sojuz/.npm/rimraf/2.2.5/package.tgz /home/sojuz/.npm/7a4f0637-juz-npm-rimraf-2-2-5-package-tgz.lock
401 verbose tar unpack /home/sojuz/.npm/mkdirp/0.3.5/package.tgz
402 silly lockFile 6f49798e-les-fs-extra-node-modules-mkdirp tar:///home/sojuz/projects/nodejs/krakenTest/node_modules/fs-extra/node_modules/mkdirp
403 verbose lock tar:///home/sojuz/projects/nodejs/krakenTest/node_modules/fs-extra/node_modules/mkdirp /home/sojuz/.npm/6f49798e-les-fs-extra-node-modules-mkdirp.lock
404 silly lockFile 3ff2ac47-juz-npm-mkdirp-0-3-5-package-tgz tar:///home/sojuz/.npm/mkdirp/0.3.5/package.tgz
405 verbose lock tar:///home/sojuz/.npm/mkdirp/0.3.5/package.tgz /home/sojuz/.npm/3ff2ac47-juz-npm-mkdirp-0-3-5-package-tgz.lock
406 verbose tar unpack /home/sojuz/.npm/jsonfile/1.1.1/package.tgz
407 silly lockFile d38d7b37-s-fs-extra-node-modules-jsonfile tar:///home/sojuz/projects/nodejs/krakenTest/node_modules/fs-extra/node_modules/jsonfile
408 verbose lock tar:///home/sojuz/projects/nodejs/krakenTest/node_modules/fs-extra/node_modules/jsonfile /home/sojuz/.npm/d38d7b37-s-fs-extra-node-modules-jsonfile.lock
409 silly lockFile d5d37dea-z-npm-jsonfile-1-1-1-package-tgz tar:///home/sojuz/.npm/jsonfile/1.1.1/package.tgz
410 verbose lock tar:///home/sojuz/.npm/jsonfile/1.1.1/package.tgz /home/sojuz/.npm/d5d37dea-z-npm-jsonfile-1-1-1-package-tgz.lock
411 verbose tar unpack /home/sojuz/.npm/ncp/0.4.2/package.tgz
412 silly lockFile df895569-odules-fs-extra-node-modules-ncp tar:///home/sojuz/projects/nodejs/krakenTest/node_modules/fs-extra/node_modules/ncp
413 verbose lock tar:///home/sojuz/projects/nodejs/krakenTest/node_modules/fs-extra/node_modules/ncp /home/sojuz/.npm/df895569-odules-fs-extra-node-modules-ncp.lock
414 silly lockFile 215aa620--sojuz-npm-ncp-0-4-2-package-tgz tar:///home/sojuz/.npm/ncp/0.4.2/package.tgz
415 verbose lock tar:///home/sojuz/.npm/ncp/0.4.2/package.tgz /home/sojuz/.npm/215aa620--sojuz-npm-ncp-0-4-2-package-tgz.lock
416 silly gunzTarPerm modes [ '755', '644' ]
417 silly gunzTarPerm modes [ '755', '644' ]
418 silly gunzTarPerm modes [ '755', '644' ]
419 silly gunzTarPerm modes [ '755', '644' ]
420 silly gunzTarPerm extractEntry package.json
421 silly gunzTarPerm extractEntry package.json
422 silly gunzTarPerm extractEntry .npmignore
423 silly gunzTarPerm extractEntry README.md
424 silly gunzTarPerm extractEntry .npmignore
425 silly gunzTarPerm extractEntry README.md
426 silly gunzTarPerm extractEntry LICENSE
427 silly gunzTarPerm extractEntry CHANGELOG.md
428 silly gunzTarPerm extractEntry .travis.yml
429 silly gunzTarPerm extractEntry LICENSE.md
430 silly gunzTarPerm extractEntry package.json
431 silly gunzTarPerm extractEntry package.json
432 silly gunzTarPerm extractEntry lib/jsonfile.js
433 silly gunzTarPerm extractEntry bin/ncp
434 silly gunzTarPerm extractEntry lib/ncp.js
435 silly gunzTarPerm extractEntry README.md
436 silly gunzTarPerm extractEntry LICENSE
437 silly gunzTarPerm extractEntry .npmignore
438 silly gunzTarPerm extractEntry LICENSE
439 silly gunzTarPerm extractEntry bin.js
440 silly gunzTarPerm extractEntry rimraf.js
441 silly gunzTarPerm extractEntry index.js
442 silly gunzTarPerm extractEntry .travis.yml
443 silly gunzTarPerm extractEntry test/ncp-test.js
444 silly gunzTarPerm extractEntry test/fixtures/src/a
445 silly gunzTarPerm extractEntry test/fixtures/src/b
446 silly gunzTarPerm extractEntry test/fixtures/src/c
447 silly gunzTarPerm extractEntry test/fixtures/src/d
448 silly gunzTarPerm extractEntry test/fixtures/src/e
449 silly gunzTarPerm extractEntry test/fixtures/src/f
450 silly gunzTarPerm extractEntry test/fixtures/src/sub/a
451 silly gunzTarPerm extractEntry test/fixtures/src/sub/b
452 silly gunzTarPerm extractEntry AUTHORS
453 silly gunzTarPerm extractEntry test/test-async.js
454 silly gunzTarPerm extractEntry examples/pow.js
455 silly gunzTarPerm extractEntry readme.markdown
456 silly gunzTarPerm extractEntry test/test-sync.js
457 silly gunzTarPerm extractEntry test/run.sh
458 silly gunzTarPerm extractEntry test/chmod.js
459 silly gunzTarPerm extractEntry test/perm.js
460 silly gunzTarPerm extractEntry test/setup.sh
461 silly gunzTarPerm extractEntry test/perm_sync.js
462 silly gunzTarPerm extractEntry test/race.js
463 silly gunzTarPerm extractEntry test/mkdirp.js
464 silly gunzTarPerm extractEntry test/return.js
465 silly gunzTarPerm extractEntry test/return_sync.js
466 silly gunzTarPerm extractEntry test/root.js
467 silly gunzTarPerm extractEntry test/sync.js
468 silly gunzTarPerm extractEntry test/umask.js
469 silly gunzTarPerm extractEntry test/clobber.js
470 silly gunzTarPerm extractEntry test/umask_sync.js
471 silly gunzTarPerm extractEntry test/rel.js
472 silly lockFile d38d7b37-s-fs-extra-node-modules-jsonfile tar:///home/sojuz/projects/nodejs/krakenTest/node_modules/fs-extra/node_modules/jsonfile
473 silly lockFile d38d7b37-s-fs-extra-node-modules-jsonfile tar:///home/sojuz/projects/nodejs/krakenTest/node_modules/fs-extra/node_modules/jsonfile
474 silly lockFile d5d37dea-z-npm-jsonfile-1-1-1-package-tgz tar:///home/sojuz/.npm/jsonfile/1.1.1/package.tgz
475 silly lockFile d5d37dea-z-npm-jsonfile-1-1-1-package-tgz tar:///home/sojuz/.npm/jsonfile/1.1.1/package.tgz
476 info preinstall jsonfile@1.1.1
477 verbose readDependencies using package.json deps
478 verbose readDependencies using package.json deps
479 silly resolved []
480 verbose about to build /home/sojuz/projects/nodejs/krakenTest/node_modules/fs-extra/node_modules/jsonfile
481 info build /home/sojuz/projects/nodejs/krakenTest/node_modules/fs-extra/node_modules/jsonfile
482 verbose linkStuff [ false,
482 verbose linkStuff   false,
482 verbose linkStuff   false,
482 verbose linkStuff   '/home/sojuz/projects/nodejs/krakenTest/node_modules/fs-extra/node_modules' ]
483 info linkStuff jsonfile@1.1.1
484 verbose linkBins jsonfile@1.1.1
485 verbose linkMans jsonfile@1.1.1
486 verbose rebuildBundles jsonfile@1.1.1
487 info install jsonfile@1.1.1
488 info postinstall jsonfile@1.1.1
489 silly lockFile f4dcf8a4-les-fs-extra-node-modules-rimraf tar:///home/sojuz/projects/nodejs/krakenTest/node_modules/fs-extra/node_modules/rimraf
490 silly lockFile f4dcf8a4-les-fs-extra-node-modules-rimraf tar:///home/sojuz/projects/nodejs/krakenTest/node_modules/fs-extra/node_modules/rimraf
491 silly lockFile 7a4f0637-juz-npm-rimraf-2-2-5-package-tgz tar:///home/sojuz/.npm/rimraf/2.2.5/package.tgz
492 silly lockFile 7a4f0637-juz-npm-rimraf-2-2-5-package-tgz tar:///home/sojuz/.npm/rimraf/2.2.5/package.tgz
493 info preinstall rimraf@2.2.5
494 verbose readDependencies using package.json deps
495 verbose readDependencies using package.json deps
496 silly resolved []
497 verbose about to build /home/sojuz/projects/nodejs/krakenTest/node_modules/fs-extra/node_modules/rimraf
498 info build /home/sojuz/projects/nodejs/krakenTest/node_modules/fs-extra/node_modules/rimraf
499 verbose linkStuff [ false,
499 verbose linkStuff   false,
499 verbose linkStuff   false,
499 verbose linkStuff   '/home/sojuz/projects/nodejs/krakenTest/node_modules/fs-extra/node_modules' ]
500 info linkStuff rimraf@2.2.5
501 verbose linkBins rimraf@2.2.5
502 verbose link bins [ { rimraf: './bin.js' },
502 verbose link bins   '/home/sojuz/projects/nodejs/krakenTest/node_modules/fs-extra/node_modules/.bin',
502 verbose link bins   false ]
503 verbose linkMans rimraf@2.2.5
504 verbose rebuildBundles rimraf@2.2.5
505 info install rimraf@2.2.5
506 info postinstall rimraf@2.2.5
507 silly lockFile df895569-odules-fs-extra-node-modules-ncp tar:///home/sojuz/projects/nodejs/krakenTest/node_modules/fs-extra/node_modules/ncp
508 silly lockFile df895569-odules-fs-extra-node-modules-ncp tar:///home/sojuz/projects/nodejs/krakenTest/node_modules/fs-extra/node_modules/ncp
509 silly lockFile 215aa620--sojuz-npm-ncp-0-4-2-package-tgz tar:///home/sojuz/.npm/ncp/0.4.2/package.tgz
510 silly lockFile 215aa620--sojuz-npm-ncp-0-4-2-package-tgz tar:///home/sojuz/.npm/ncp/0.4.2/package.tgz
511 info preinstall ncp@0.4.2
512 verbose readDependencies using package.json deps
513 verbose readDependencies using package.json deps
514 silly resolved []
515 verbose about to build /home/sojuz/projects/nodejs/krakenTest/node_modules/fs-extra/node_modules/ncp
516 info build /home/sojuz/projects/nodejs/krakenTest/node_modules/fs-extra/node_modules/ncp
517 verbose linkStuff [ false,
517 verbose linkStuff   false,
517 verbose linkStuff   false,
517 verbose linkStuff   '/home/sojuz/projects/nodejs/krakenTest/node_modules/fs-extra/node_modules' ]
518 info linkStuff ncp@0.4.2
519 verbose linkBins ncp@0.4.2
520 verbose link bins [ { ncp: './bin/ncp' },
520 verbose link bins   '/home/sojuz/projects/nodejs/krakenTest/node_modules/fs-extra/node_modules/.bin',
520 verbose link bins   false ]
521 verbose linkMans ncp@0.4.2
522 verbose rebuildBundles ncp@0.4.2
523 info install ncp@0.4.2
524 info postinstall ncp@0.4.2
525 silly lockFile 6f49798e-les-fs-extra-node-modules-mkdirp tar:///home/sojuz/projects/nodejs/krakenTest/node_modules/fs-extra/node_modules/mkdirp
526 silly lockFile 6f49798e-les-fs-extra-node-modules-mkdirp tar:///home/sojuz/projects/nodejs/krakenTest/node_modules/fs-extra/node_modules/mkdirp
527 silly lockFile 3ff2ac47-juz-npm-mkdirp-0-3-5-package-tgz tar:///home/sojuz/.npm/mkdirp/0.3.5/package.tgz
528 silly lockFile 3ff2ac47-juz-npm-mkdirp-0-3-5-package-tgz tar:///home/sojuz/.npm/mkdirp/0.3.5/package.tgz
529 info preinstall mkdirp@0.3.5
530 verbose readDependencies using package.json deps
531 verbose readDependencies using package.json deps
532 silly resolved []
533 verbose about to build /home/sojuz/projects/nodejs/krakenTest/node_modules/fs-extra/node_modules/mkdirp
534 info build /home/sojuz/projects/nodejs/krakenTest/node_modules/fs-extra/node_modules/mkdirp
535 verbose linkStuff [ false,
535 verbose linkStuff   false,
535 verbose linkStuff   false,
535 verbose linkStuff   '/home/sojuz/projects/nodejs/krakenTest/node_modules/fs-extra/node_modules' ]
536 info linkStuff mkdirp@0.3.5
537 verbose linkBins mkdirp@0.3.5
538 verbose linkMans mkdirp@0.3.5
539 verbose rebuildBundles mkdirp@0.3.5
540 info install mkdirp@0.3.5
541 info postinstall mkdirp@0.3.5
542 verbose about to build /home/sojuz/projects/nodejs/krakenTest/node_modules/fs-extra
543 info build /home/sojuz/projects/nodejs/krakenTest/node_modules/fs-extra
544 verbose linkStuff [ false,
544 verbose linkStuff   false,
544 verbose linkStuff   false,
544 verbose linkStuff   '/home/sojuz/projects/nodejs/krakenTest/node_modules' ]
545 info linkStuff fs-extra@0.8.1
546 verbose linkBins fs-extra@0.8.1
547 verbose linkMans fs-extra@0.8.1
548 verbose rebuildBundles fs-extra@0.8.1
549 verbose rebuildBundles [ '.bin', 'jsonfile', 'mkdirp', 'ncp', 'rimraf' ]
550 info install fs-extra@0.8.1
551 info postinstall fs-extra@0.8.1
552 warn unmet dependency /home/sojuz/projects/nodejs/krakenTest/node_modules/grunt requires js-yaml@'~2.0.5' but will load
552 warn unmet dependency /home/sojuz/projects/nodejs/krakenTest/node_modules/js-yaml,
552 warn unmet dependency which is version 3.0.1
553 error peerinvalid The package dustjs-linkedin does not satisfy its siblings' peerDependencies requirements!
553 error peerinvalid Peer makara@0.3.2 wants dustjs-linkedin@~2.0.0
554 error System Linux 3.11.0-15-generic
555 error command "/usr/local/bin/node" "/usr/local/bin/npm" "install" "fs-extra" "--save"
556 error cwd /home/sojuz/projects/nodejs/krakenTest
557 error node -v v0.10.22
558 error npm -v 1.3.14
559 error code EPEERINVALID
560 verbose exit [ 1, true ]
